c:\users\wada\documents\projects\wssample1\proj.win32\debug.win32\appdelegate.obj
c:\users\wada\documents\projects\wssample1\proj.win32\debug.win32\shaderscene.obj
c:\users\wada\documents\projects\wssample1\proj.win32\debug.win32\main.obj
c:\users\wada\documents\projects\wssample1\proj.win32\debug.win32\helloworldscene.obj
c:\users\wada\documents\projects\wssample1\proj.win32\debug.win32\shadernode.obj
c:\users\wada\documents\projects\wssample1\proj.win32\debug.win32\shadertexturenode.obj
c:\users\wada\documents\projects\wssample1\proj.win32\debug.win32\vc120.pdb
c:\users\wada\documents\projects\wssample1\proj.win32\debug.win32\vc120.idb
c:\users\wada\documents\projects\wssample1\proj.win32\debug.win32\newshadernode.obj
c:\users\wada\documents\projects\wssample2\proj.win32\debug.win32\appdelegate.obj
c:\users\wada\documents\projects\wssample2\proj.win32\debug.win32\helloworldscene.obj
c:\users\wada\documents\projects\wssample2\proj.win32\debug.win32\shadernode.obj
c:\users\wada\documents\projects\wssample2\proj.win32\debug.win32\shadertexturenode.obj
c:\users\wada\documents\projects\wssample2\proj.win32\debug.win32\diceshadernode.obj
c:\users\wada\documents\projects\wssample2\proj.win32\debug.win32\newshadernode.obj
c:\users\wada\documents\projects\wssample2\proj.win32\debug.win32\shaderscene.obj
c:\users\wada\documents\projects\wssample2\proj.win32\debug.win32\main.obj
c:\users\wada\documents\projects\wssample2\proj.win32\debug.win32\vc120.pdb
c:\users\wada\documents\projects\wssample2\proj.win32\debug.win32\vc120.idb
c:\users\wada\documents\projects\wssample2withcamera\proj.win32\debug.win32\appdelegate.obj
c:\users\wada\documents\projects\wssample2withcamera\proj.win32\debug.win32\diceshadernode.obj
c:\users\wada\documents\projects\wssample2withcamera\proj.win32\debug.win32\newshadernode.obj
c:\users\wada\documents\projects\wssample2withcamera\proj.win32\debug.win32\shaderscene.obj
c:\users\wada\documents\projects\wssample2withcamera\proj.win32\debug.win32\main.obj
c:\users\wada\documents\projects\wssample2withcamera\proj.win32\debug.win32\camera3d.obj
c:\users\wada\documents\projects\wssample2withcamera\proj.win32\debug.win32\helloworldscene.obj
c:\users\wada\documents\projects\wssample2withcamera\proj.win32\debug.win32\shadernode.obj
c:\users\wada\documents\projects\wssample2withcamera\proj.win32\debug.win32\shadertexturenode.obj
c:\users\wada\documents\projects\wssample2withcamera\proj.win32\debug.win32\vc120.pdb
c:\users\wada\documents\projects\wssample2withcamera\proj.win32\debug.win32\vc120.idb
c:\users\wada\documents\projects\wssample3\proj.win32\debug.win32\camera3d.obj
c:\users\wada\documents\projects\wssample3\proj.win32\debug.win32\diceshadernode.obj
c:\users\wada\documents\projects\wssample3\proj.win32\debug.win32\newshadernode.obj
c:\users\wada\documents\projects\wssample3\proj.win32\debug.win32\shaderscene.obj
c:\users\wada\documents\projects\wssample3\proj.win32\debug.win32\main.obj
c:\users\wada\documents\projects\wssample3\proj.win32\debug.win32\appdelegate.obj
c:\users\wada\documents\projects\wssample3\proj.win32\debug.win32\helloworldscene.obj
c:\users\wada\documents\projects\wssample3\proj.win32\debug.win32\shadernode.obj
c:\users\wada\documents\projects\wssample3\proj.win32\debug.win32\shadertexturenode.obj
c:\users\wada\documents\projects\wssample3\proj.win32\debug.win32\vc120.pdb
c:\users\wada\documents\projects\wssample3\proj.win32\debug.win32\modelshadernode.obj
c:\users\wada\documents\projects\wssample3\proj.win32\debug.win32\sphereshadernode.obj
c:\users\wada\documents\projects\wssample3\proj.win32\debug.win32\vc120.idb
c:\users\wada\documents\projects\wssample3\proj.win32\debug.win32\parametricmesh.obj
c:\users\wada\documents\projects\wssample3\proj.win32\debug.win32\sphereshadernode2.obj
c:\users\wada\documents\projects\wssample4\proj.win32\debug.win32\camera3d.obj
c:\users\wada\documents\projects\wssample4\proj.win32\debug.win32\modelshadernode.obj
c:\users\wada\documents\projects\wssample4\proj.win32\debug.win32\parametricmesh.obj
c:\users\wada\documents\projects\wssample4\proj.win32\debug.win32\shadernode.obj
c:\users\wada\documents\projects\wssample4\proj.win32\debug.win32\shadertexturenode.obj
c:\users\wada\documents\projects\wssample4\proj.win32\debug.win32\main.obj
c:\users\wada\documents\projects\wssample4\proj.win32\debug.win32\appdelegate.obj
c:\users\wada\documents\projects\wssample4\proj.win32\debug.win32\diceshadernode.obj
c:\users\wada\documents\projects\wssample4\proj.win32\debug.win32\newshadernode.obj
c:\users\wada\documents\projects\wssample4\proj.win32\debug.win32\shaderscene.obj
c:\users\wada\documents\projects\wssample4\proj.win32\debug.win32\sphereshadernode.obj
c:\users\wada\documents\projects\wssample4\proj.win32\debug.win32\kleinbottleshadernode.obj
c:\users\wada\documents\projects\wssample4\proj.win32\debug.win32\light.obj
c:\users\wada\documents\projects\wssample4\proj.win32\debug.win32\parametricmeshshadernode.obj
c:\users\wada\documents\projects\wssample4\proj.win32\debug.win32\shader2dnode.obj
c:\users\wada\documents\projects\wssample4\proj.win32\debug.win32\vc120.pdb
c:\users\wada\documents\projects\wssample4\proj.win32\debug.win32\vc120.idb
c:\users\wada\documents\projects\wssample4\proj.win32\debug.win32\parametricsphereshadernode.obj
c:\users\wada\documents\projects\wssample4\proj.win32\debug.win32\newparametricshadernode.obj
c:\users\wada\documents\projects\wssample5\proj.win32\debug.win32\appdelegate.obj
c:\users\wada\documents\projects\wssample5\proj.win32\debug.win32\kleinbottleshadernode.obj
c:\users\wada\documents\projects\wssample5\proj.win32\debug.win32\modelshadernode.obj
c:\users\wada\documents\projects\wssample5\proj.win32\debug.win32\newshadernode.obj
c:\users\wada\documents\projects\wssample5\proj.win32\debug.win32\parametricsphereshadernode.obj
c:\users\wada\documents\projects\wssample5\proj.win32\debug.win32\shader2dnode.obj
c:\users\wada\documents\projects\wssample5\proj.win32\debug.win32\shadertexturenode.obj
c:\users\wada\documents\projects\wssample5\proj.win32\debug.win32\camera3d.obj
c:\users\wada\documents\projects\wssample5\proj.win32\debug.win32\diceshadernode.obj
c:\users\wada\documents\projects\wssample5\proj.win32\debug.win32\light.obj
c:\users\wada\documents\projects\wssample5\proj.win32\debug.win32\newparametricshadernode.obj
c:\users\wada\documents\projects\wssample5\proj.win32\debug.win32\parametricmeshshadernode.obj
c:\users\wada\documents\projects\wssample5\proj.win32\debug.win32\shadernode.obj
c:\users\wada\documents\projects\wssample5\proj.win32\debug.win32\shaderscene.obj
c:\users\wada\documents\projects\wssample5\proj.win32\debug.win32\sphereshadernode.obj
c:\users\wada\documents\projects\wssample5\proj.win32\debug.win32\main.obj
c:\users\wada\documents\projects\wssample5\proj.win32\debug.win32\vc120.pdb
c:\users\wada\documents\projects\wssample1\proj.win32\debug.win32\mygame.ilk
c:\users\wada\documents\projects\wssample1\proj.win32\debug.win32\mygame.exe
c:\users\wada\documents\projects\wssample1\proj.win32\debug.win32\mygame.pdb
c:\users\wada\documents\projects\wssample2\proj.win32\debug.win32\mygame.ilk
c:\users\wada\documents\projects\wssample2\proj.win32\debug.win32\mygame.exe
c:\users\wada\documents\projects\wssample2\proj.win32\debug.win32\mygame.pdb
c:\users\wada\documents\projects\wssample2withcamera\proj.win32\debug.win32\mygame.ilk
c:\users\wada\documents\projects\wssample2withcamera\proj.win32\debug.win32\mygame.exe
c:\users\wada\documents\projects\wssample2withcamera\proj.win32\debug.win32\mygame.pdb
c:\users\wada\documents\projects\wssample3\proj.win32\debug.win32\mygame.ilk
c:\users\wada\documents\projects\wssample3\proj.win32\debug.win32\mygame.exe
c:\users\wada\documents\projects\wssample3\proj.win32\debug.win32\mygame.pdb
c:\users\wada\documents\projects\wssample4\proj.win32\debug.win32\mygame.ilk
c:\users\wada\documents\projects\wssample4\proj.win32\debug.win32\mygame.exe
c:\users\wada\documents\projects\wssample4\proj.win32\debug.win32\mygame.pdb
c:\users\wada\documents\projects\wssample5\proj.win32\debug.win32\mygame.ilk
c:\users\wada\documents\projects\wssample5\proj.win32\debug.win32\mygame.exe
c:\users\wada\documents\projects\wssample5\proj.win32\debug.win32\mygame.pdb
c:\users\wada\documents\projects\wssample1\proj.win32\debug.win32\game.res
c:\users\wada\documents\projects\wssample2\proj.win32\debug.win32\game.res
c:\users\wada\documents\projects\wssample2withcamera\proj.win32\debug.win32\game.res
c:\users\wada\documents\projects\wssample3\proj.win32\debug.win32\game.res
c:\users\wada\documents\projects\wssample4\proj.win32\debug.win32\game.res
c:\users\wada\documents\projects\wssample5\proj.win32\debug.win32\game.res
c:\users\wada\documents\projects\wssample5\proj.win32\debug.win32\helloworldscene.obj
c:\users\wada\documents\projects\wssample5\proj.win32\debug.win32\parametricmesh.obj
c:\users\wada\documents\projects\wssample5\proj.win32\debug.win32\sphereshadernode2.obj
c:\users\wada\documents\projects\wssample5\proj.win32\debug.win32\vc120.idb
c:\users\wada\documents\projects\wssample5\proj.win32\debug.win32\mygame.tlog\cl.command.1.tlog
c:\users\wada\documents\projects\wssample5\proj.win32\debug.win32\mygame.tlog\cl.read.1.tlog
c:\users\wada\documents\projects\wssample5\proj.win32\debug.win32\mygame.tlog\cl.write.1.tlog
c:\users\wada\documents\projects\wssample5\proj.win32\debug.win32\mygame.tlog\link.command.1.tlog
c:\users\wada\documents\projects\wssample5\proj.win32\debug.win32\mygame.tlog\link.read.1.tlog
c:\users\wada\documents\projects\wssample5\proj.win32\debug.win32\mygame.tlog\link.write.1.tlog
c:\users\wada\documents\projects\wssample5\proj.win32\debug.win32\mygame.tlog\rc.command.1.tlog
c:\users\wada\documents\projects\wssample5\proj.win32\debug.win32\mygame.tlog\rc.read.1.tlog
c:\users\wada\documents\projects\wssample5\proj.win32\debug.win32\mygame.tlog\rc.write.1.tlog
